C51 COMPILER V9.56.0.0   MAIN                                                              03/24/2018 09:36:54 PAGE 1   


C51 COMPILER V9.56.0.0, COMPILATION OF MODULE MAIN
OBJECT MODULE PLACED IN .\Objects\main.obj
COMPILER INVOKED BY: E:\keil\C51\BIN\C51.EXE main.c OPTIMIZE(8,SPEED) BROWSE DEBUG OBJECTEXTEND PRINT(.\Listings\main.ls
                    -t) TABS(2) OBJECT(.\Objects\main.obj)

line level    source

   1          #include<stc15f2k60s2.h>
   2          #include<intrins.h>
   3          #include<define.c>
   4          #include<ds18b20.c>
   5          #include<ds1302.c>
   6          #include<ky.c>
   7          #include<display.c>
   8          
   9          
  10          void banzi_init()
  11          {
  12   1        P2 = 0xa0;
  13   1        P0 = 0x00;
  14   1        
  15   1        P2 = 0x80;
  16   1        P0 = 0xff;
  17   1        
  18   1        P2 = 0xc0;
  19   1        P0 = 0xff;
  20   1        P2 = 0xff;
  21   1        P0 = 0xff;
  22   1      }
  23          
  24          void xianshi()
  25          {
  26   1        P2 = 0xc0;
  27   1        P0 = 0x01;
  28   1        P2 = 0xff;
  29   1        P0 = seven_seg[yi];
  30   1        Delay1ms();
  31   1        
  32   1        P2 = 0xc0;
  33   1        P0 = 0x02;
  34   1        P2 = 0xff;
  35   1        P0 = seven_seg[er];
  36   1        Delay1ms();
  37   1        
  38   1        P2 = 0xc0;
  39   1        P0 = 0x04;
  40   1        P2 = 0xff;
  41   1        P0 = seven_seg[san];
  42   1        Delay1ms();
  43   1        
  44   1        P2 = 0xc0;
  45   1        P0 = 0x08;
  46   1        P2 = 0xff;
  47   1        P0 = seven_seg[si];
  48   1        Delay1ms();
  49   1        
  50   1        P2 = 0xc0;
  51   1        P0 = 0x10;
  52   1        P2 = 0xff;
  53   1        P0 = seven_seg[wu];
  54   1        Delay1ms();
C51 COMPILER V9.56.0.0   MAIN                                                              03/24/2018 09:36:54 PAGE 2   

  55   1        
  56   1        P2 = 0xc0;
  57   1        P0 = 0x20;
  58   1        P2 = 0xff;
  59   1        P0 = seven_seg[liu];
  60   1        Delay1ms();
  61   1        
  62   1        P2 = 0xc0;
  63   1        P0 = 0x40;
  64   1        P2 = 0xff;
  65   1        P0 = seven_seg[qi];
  66   1        Delay1ms();
  67   1        
  68   1        P2 = 0xc0;
  69   1        P0 = 0x80;
  70   1        P2 = 0xff;
  71   1        P0 = seven_seg[ba];
  72   1        Delay1ms();
  73   1        
  74   1        P2 = 0xc0;
  75   1        P0 = 0xff;
  76   1        P2 = 0xff;
  77   1        P0 = 0xff;
  78   1        Delay1ms();
  79   1      }
  80          
  81          void Timer0Init(void)   //5毫秒@11.0592MHz
  82          {
  83   1        AUXR |= 0x80;   //定时器时钟1T模式
  84   1        TMOD &= 0xF0;   //设置定时器模式
  85   1        TL0 = 0x00;   //设置定时初值
  86   1        TH0 = 0x28;   //设置定时初值
  87   1        TF0 = 0;    //清除TF0标志
  88   1        TR0 = 1;    //定时器0开始计时
  89   1        EA = 1;
  90   1      }
  91          
  92          void timer0()interrupt 1
  93          {
  94   1        unsigned char i;
  95   1        cp++;
  96   1        if(cp >= 200)
  97   1        {
  98   2          cp = 0;
  99   2          cp1++;
 100   2          if(cp1 >= jiange)
 101   2          {
 102   3            wendu[i] = wen;
 103   3            i++;
 104   3            if(i >= 10)
 105   3            {
 106   4              i = 0;
 107   4              canshushezhi = 2;
 108   4            }
 109   3          }
 110   2          if(canshushezhi == 2)
 111   2          {
 112   3            if(shanshuo == 0)
 113   3              {
 114   4                shanshuo = 1;
 115   4                P2 = 0x80;
 116   4                P0 = 0xfe;
C51 COMPILER V9.56.0.0   MAIN                                                              03/24/2018 09:36:54 PAGE 3   

 117   4              }
 118   3              else if(shanshuo == 1)
 119   3              {
 120   4                shanshuo = 0;
 121   4                P2 = 0x80;
 122   4                P0 = 0xff;
 123   4              }
 124   3          }
 125   2        }
 126   1      }
 127          
 128          void Timer1Init(void)   //5毫秒@11.0592MHz
 129          {
 130   1        AUXR |= 0x40;   //定时器时钟1T模式
 131   1        TMOD &= 0x0F;   //设置定时器模式
 132   1        TL1 = 0x00;   //设置定时初值
 133   1        TH1 = 0x28;   //设置定时初值
 134   1        TF1 = 0;    //清除TF1标志
 135   1        TR1 = 1;    //定时器1开始计时
 136   1        EA = 1;
 137   1        ET1 = 1;
 138   1      }
 139          
 140          void tm1_isr() interrupt 3 using 1
 141          {
 142   1          cp2++;
 143   1        if((cp2 >= 200) && (kaishi == 1))
 144   1        {
 145   2          cp2 = 0;
 146   2          suoyin++;
 147   2          if(suoyin >= 10)
 148   2          {
 149   3            suoyin = 0;
 150   3          }
 151   2        }
 152   1      }
 153          
 154          void main()
 155          {
 156   1        banzi_init();
 157   1        Timer0Init();
 158   1        Timer1Init();
 159   1        DS1302_init();
 160   1        while(1)
 161   1        {
 162   2          DS1302_Read();
 163   2          wen = DS18B20_Get();
 164   2          sec = shijian[0];
 165   2          min = shijian[1];
 166   2          hour = shijian[2];
 167   2          keyscan();
 168   2          display();
 169   2          xianshi();
 170   2        }
 171   1      }


MODULE INFORMATION:   STATIC OVERLAYABLE
   CODE SIZE        =   1047    ----
   CONSTANT SIZE    =     12    ----
   XDATA SIZE       =   ----    ----
   PDATA SIZE       =   ----    ----
C51 COMPILER V9.56.0.0   MAIN                                                              03/24/2018 09:36:54 PAGE 4   

   DATA SIZE        =     40       1
   IDATA SIZE       =   ----    ----
   BIT SIZE         =      2       1
END OF MODULE INFORMATION.


C51 COMPILATION COMPLETE.  0 WARNING(S),  0 ERROR(S)
