C51 COMPILER V9.56.0.0   MAIN                                                              03/25/2018 16:23:05 PAGE 1   


C51 COMPILER V9.56.0.0, COMPILATION OF MODULE MAIN
OBJECT MODULE PLACED IN .\Objects\main.obj
COMPILER INVOKED BY: E:\keil\C51\BIN\C51.EXE main.c OPTIMIZE(8,SPEED) BROWSE DEBUG OBJECTEXTEND PRINT(.\Listings\main.ls
                    -t) TABS(2) OBJECT(.\Objects\main.obj)

line level    source

   1          #include<stc15f2k60s2.h>
   2          #include<intrins.h>
   3          #include<define.c>
   4          #include<ds18b20.c>
   5          #include<ds1302.c>
   6          #include<iic.c>
   7          #include<display.c>
   8          
   9          void banzi_init()
  10          {
  11   1        P2 = 0xa0;
  12   1        P0 = 0x00;
  13   1        
  14   1        P2 = 0x80;
  15   1        P0 = 0xff;
  16   1        
  17   1        P2 = 0xc0;
  18   1        P0 = 0xff;
  19   1        P2 = 0xff;
  20   1        P0 = 0xff;
  21   1      }
  22          
  23          void xianshi()
  24          {
  25   1        P2 = 0xc0;
  26   1        P0 = 0x01;
  27   1        P2 = 0xff;
  28   1        P0 = seven_seg[yi];
  29   1        Delay1ms();
  30   1        
  31   1        P2 = 0xc0;
  32   1        P0 = 0x02;
  33   1        P2 = 0xff;
  34   1        P0 = seven_seg[er];
  35   1        Delay1ms();
  36   1        
  37   1        P2 = 0xc0;
  38   1        P0 = 0x04;
  39   1        P2 = 0xff;
  40   1        P0 = seven_seg[san];
  41   1        Delay1ms();
  42   1        
  43   1        P2 = 0xc0;
  44   1        P0 = 0x08;
  45   1        P2 = 0xff;
  46   1        P0 = seven_seg[si];
  47   1        Delay1ms();
  48   1        
  49   1        P2 = 0xc0;
  50   1        P0 = 0x10;
  51   1        P2 = 0xff;
  52   1        P0 = seven_seg[wu];
  53   1        Delay1ms();
  54   1        
C51 COMPILER V9.56.0.0   MAIN                                                              03/25/2018 16:23:05 PAGE 2   

  55   1        P2 = 0xc0;
  56   1        P0 = 0x20;
  57   1        P2 = 0xff;
  58   1        P0 = seven_seg[liu];
  59   1        Delay1ms();
  60   1        
  61   1        P2 = 0xc0;
  62   1        P0 = 0x40;
  63   1        P2 = 0xff;
  64   1        P0 = seven_seg[qi];
  65   1        Delay1ms();
  66   1        
  67   1        P2 = 0xc0;
  68   1        P0 = 0x80;
  69   1        P2 = 0xff;
  70   1        P0 = seven_seg[ba];
  71   1        Delay1ms();
  72   1        
  73   1        P2 = 0xc0;
  74   1        P0 = 0xff;
  75   1        P2 = 0xff;
  76   1        P0 = 0xff;
  77   1        Delay1ms();
  78   1      }
  79          
  80          void main()
  81          {
  82   1        banzi_init();
  83   1        DS1302_init();
  84   1        iic_write(0x00,12);
  85   1        while(1)
  86   1        {
  87   2          wendu = DS18B20_Get();
  88   2      //    yi = wendu / 10;
  89   2      //    er = wendu % 10;
  90   2      //    san = (wenxiaoshu % 16) * 10 / 16;
  91   2          DS1302_Read();
  92   2      //    sec = shijian[0];
  93   2      //    min = shijian[1];
  94   2      //    hour = shijian[2];
  95   2      //    date = shijian[3];
  96   2      //    month = shijian[4];
  97   2      //    nian = shijian[6];
  98   2          AD = AD_Read(0x03);
  99   2          AD = AD * 0.39;
 100   2          yi = AD / 10;
 101   2          er = AD % 10;
 102   2          jieshou = iic_read(0x00);
 103   2          si = jieshou / 10;
 104   2          wu = jieshou % 10;
 105   2          //display();
 106   2          xianshi();
 107   2        }
 108   1      }


MODULE INFORMATION:   STATIC OVERLAYABLE
   CODE SIZE        =   1433    ----
   CONSTANT SIZE    =     12    ----
   XDATA SIZE       =   ----    ----
   PDATA SIZE       =   ----    ----
   DATA SIZE        =     26    ----
C51 COMPILER V9.56.0.0   MAIN                                                              03/25/2018 16:23:05 PAGE 3   

   IDATA SIZE       =   ----    ----
   BIT SIZE         =   ----       2
END OF MODULE INFORMATION.


C51 COMPILATION COMPLETE.  0 WARNING(S),  0 ERROR(S)
