C51 COMPILER V9.56.0.0   DS1302                                                            03/23/2018 08:03:38 PAGE 1   


C51 COMPILER V9.56.0.0, COMPILATION OF MODULE DS1302
OBJECT MODULE PLACED IN .\Objects\ds1302.obj
COMPILER INVOKED BY: E:\keil\C51\BIN\C51.EXE ds1302.c OPTIMIZE(8,SPEED) BROWSE DEBUG OBJECTEXTEND PRINT(.\Listings\ds130
                    -2.lst) TABS(2) OBJECT(.\Objects\ds1302.obj)

line level    source

   1          /*
   2            程序说明: DS1302驱动程序
   3            软件环境: Keil uVision 4.10 
   4            硬件环境: CT107单片机综合实训平台 8051，12MHz
   5            日    期: 2011-8-9
   6          */
   7          
   8          #include <reg52.h>
   9          #include <intrins.h>
  10          
  11          sbit SCK=P1^7;    
  12          sbit SD=P2^3;   
  13          sbit RST = P1^3;   // DS1302复位                        
  14          
  15          void Write_Ds1302_Byte(unsigned  char temp) 
  16          {
  17   1        unsigned char i;
  18   1        for (i=0;i<8;i++)       
  19   1        { 
  20   2          SCK=0;
  21   2          SD=temp&0x01;
  22   2          temp>>=1; 
  23   2          SCK=1;
  24   2        }
  25   1      }   
  26          
  27          void Write_Ds1302( unsigned char address,unsigned char dat )     
  28          {
  29   1        RST=0;
  30   1        _nop_();
  31   1        SCK=0;
  32   1        _nop_();
  33   1        RST=1;  
  34   1          _nop_();  
  35   1        Write_Ds1302_Byte(address); 
  36   1        Write_Ds1302_Byte(dat);   
  37   1        RST=0; 
  38   1      }
  39          
  40          unsigned char Read_Ds1302 ( unsigned char address )
  41          {
  42   1        unsigned char i,temp=0x00;
  43   1        RST=0;
  44   1        _nop_();
  45   1        SCK=0;
  46   1        _nop_();
  47   1        RST=1;
  48   1        _nop_();
  49   1        Write_Ds1302_Byte(address);
  50   1        for (i=0;i<8;i++)   
  51   1        {   
  52   2          SCK=0;
  53   2          temp>>=1; 
  54   2          if(SD)
C51 COMPILER V9.56.0.0   DS1302                                                            03/23/2018 08:03:38 PAGE 2   

  55   2          temp|=0x80; 
  56   2          SCK=1;
  57   2        } 
  58   1        RST=0;
  59   1        _nop_();
  60   1        RST=0;
  61   1        SCK=0;
  62   1        _nop_();
  63   1        SCK=1;
  64   1        _nop_();
  65   1        SD=0;
  66   1        _nop_();
  67   1        SD=1;
  68   1        _nop_();
  69   1        return (temp);      
  70   1      }
  71          
  72          
  73          void DS1302_init()
  74          {
  75   1        unsigned char i,add;
  76   1        add = 0x80;
  77   1        Write_Ds1302(0x8e,0x00);
  78   1        for(i = 0;i < 7;i++)
  79   1        {
  80   2          Write_Ds1302(add,shijian[i]);
*** ERROR C202 IN LINE 80 OF ds1302.c: 'shijian': undefined identifier
  81   2          add = add + 2;
  82   2        }
  83   1        Write_Ds1302(0x8e,0x80);
  84   1      }
  85          void DS1302_Read()
  86          {
  87   1        unsigned char i,add;
  88   1        add = 0x81;
  89   1        Write_Ds1302(0x8e,0x00);
  90   1        for(i = 0;i < 7;i++)
  91   1        {
  92   2          shijian[i] = Read_Ds1302(add);
*** ERROR C202 IN LINE 92 OF ds1302.c: 'shijian': undefined identifier
  93   2          add = add + 2;
  94   2        }
  95   1        Write_Ds1302(0x8e,0x80);
  96   1      }

C51 COMPILATION COMPLETE.  0 WARNING(S),  2 ERROR(S)
