C51 COMPILER V9.56.0.0   IIC                                                               03/23/2018 08:03:38 PAGE 1   


C51 COMPILER V9.56.0.0, COMPILATION OF MODULE IIC
OBJECT MODULE PLACED IN .\Objects\iic.obj
COMPILER INVOKED BY: E:\keil\C51\BIN\C51.EXE iic.c OPTIMIZE(8,SPEED) BROWSE DEBUG OBJECTEXTEND PRINT(.\Listings\iic.lst)
                    - TABS(2) OBJECT(.\Objects\iic.obj)

line level    source

   1          /*
   2            程序说明: IIC总线驱动程序
   3            软件环境: Keil uVision 4.10 
   4            硬件环境: CT107单片机综合实训平台 8051，12MHz
   5            日    期: 2011-8-9
   6          */
   7          
   8          #include <reg52.h>
   9          #include "intrins.h"
  10          
  11          #define somenop {_nop_();_nop_();_nop_();_nop_();_nop_();_nop_();_nop_();_nop_();_nop_();_nop_();_nop_();_
             -nop_();_nop_();_nop_();_nop_();_nop_();_nop_();_nop_();_nop_();_nop_();_nop_();_nop_();_nop_();_nop_();_nop_();_nop_();_
             -nop_();_nop_();_nop_();_nop_();_nop_();_nop_();_nop_();_nop_();_nop_();_nop_();_nop_();_nop_();_nop_();_nop_();}    
  12          
  13          
  14          #define SlaveAddrW 0xA0
  15          #define SlaveAddrR 0xA1
  16          
  17          //总线引脚定义
  18          sbit SDA = P2^1;  /* 数据线 */
  19          sbit SCL = P2^0;  /* 时钟线 */
  20          
  21          
  22          //总线启动条件
  23          void IIC_Start(void)
  24          {
  25   1        SDA = 1;
  26   1        SCL = 1;
  27   1        somenop;
  28   1        SDA = 0;
  29   1        somenop;
  30   1        SCL = 0;  
  31   1      }
  32          
  33          //总线停止条件
  34          void IIC_Stop(void)
  35          {
  36   1        SDA = 0;
  37   1        SCL = 1;
  38   1        somenop;
  39   1        SDA = 1;
  40   1      }
  41          
  42          //应答位控制
  43          void IIC_Ack(bit ackbit)
  44          {
  45   1        if(ackbit) 
  46   1        { 
  47   2          SDA = 0;
  48   2        }
  49   1        else 
  50   1        {
  51   2          SDA = 1;
  52   2        }
C51 COMPILER V9.56.0.0   IIC                                                               03/23/2018 08:03:38 PAGE 2   

  53   1        somenop;
  54   1        SCL = 1;
  55   1        somenop;
  56   1        SCL = 0;
  57   1        SDA = 1; 
  58   1        somenop;
  59   1      }
  60          
  61          //等待应答
  62          bit IIC_WaitAck(void)
  63          {
  64   1        SDA = 1;
  65   1        somenop;
  66   1        SCL = 1;
  67   1        somenop;
  68   1        if(SDA)    
  69   1        {   
  70   2          SCL = 0;
  71   2          IIC_Stop();
  72   2          return 0;
  73   2        }
  74   1        else  
  75   1        { 
  76   2          SCL = 0;
  77   2          return 1;
  78   2        }
  79   1      }
  80          
  81          //通过I2C总线发送数据
  82          void IIC_SendByte(unsigned char byt)
  83          {
  84   1        unsigned char i;
  85   1        for(i=0;i<8;i++)
  86   1        {   
  87   2          if(byt&0x80) 
  88   2          { 
  89   3            SDA = 1;
  90   3          }
  91   2          else 
  92   2          {
  93   3            SDA = 0;
  94   3          }
  95   2          somenop;
  96   2          SCL = 1;
  97   2          byt <<= 1;
  98   2          somenop;
  99   2          SCL = 0;
 100   2        }
 101   1      }
 102          
 103          //从I2C总线上接收数据
 104          unsigned char IIC_RecByte(void)
 105          {
 106   1        unsigned char da;
 107   1        unsigned char i;
 108   1        
 109   1        for(i=0;i<8;i++)
 110   1        {   
 111   2          SCL = 1;
 112   2          somenop;
 113   2          da <<= 1;
 114   2          if(SDA) 
C51 COMPILER V9.56.0.0   IIC                                                               03/23/2018 08:03:38 PAGE 3   

 115   2          da |= 0x01;
 116   2          SCL = 0;
 117   2          somenop;
 118   2        }
 119   1        return da;
 120   1      }
 121          
 122          unsigned char AD(unsigned char add)
 123          {
 124   1        unsigned char temp;
 125   1        IIC_Start();
 126   1        IIC_SendByte(0x90);
 127   1        IIC_WaitAck();
 128   1        IIC_SendByte(add);
 129   1        IIC_WaitAck();
 130   1        IIC_Stop();
 131   1        
 132   1        IIC_Start();
 133   1        IIC_SendByte(0x91);
 134   1        IIC_WaitAck();
 135   1        temp = IIC_RecByte();
 136   1        IIC_Ack(0);
 137   1        IIC_Stop();
 138   1        return temp;
 139   1      }
 140          
 141          void AT24C04_Write(unsigned char add,unsigned char dat)
 142          {
 143   1        IIC_Start();
 144   1        IIC_SendByte(0xa0);
 145   1        IIC_WaitAck();
 146   1        IIC_SendByte(add);
 147   1        IIC_WaitAck();
 148   1        IIC_SendByte(dat);
 149   1        IIC_WaitAck();
 150   1        IIC_Stop();
 151   1      }
 152          
 153          unsigned char AT24C04_Read(unsigned char add)
 154          {
 155   1        unsigned char temp;
 156   1        IIC_Start();
 157   1        IIC_SendByte(0xa0);
 158   1        IIC_WaitAck();
 159   1        IIC_SendByte(add);
 160   1        IIC_WaitAck();
 161   1        IIC_Stop();
 162   1        
 163   1        IIC_Start();
 164   1        IIC_SendByte(0xa1);
 165   1        IIC_WaitAck();
 166   1        temp = IIC_RecByte();
 167   1        IIC_Ack(0);
 168   1        IIC_Stop();
 169   1        return temp;
 170   1      }


MODULE INFORMATION:   STATIC OVERLAYABLE
   CODE SIZE        =    669    ----
   CONSTANT SIZE    =   ----    ----
   XDATA SIZE       =   ----    ----
C51 COMPILER V9.56.0.0   IIC                                                               03/23/2018 08:03:38 PAGE 4   

   PDATA SIZE       =   ----    ----
   DATA SIZE        =   ----    ----
   IDATA SIZE       =   ----    ----
   BIT SIZE         =   ----       1
END OF MODULE INFORMATION.


C51 COMPILATION COMPLETE.  0 WARNING(S),  0 ERROR(S)
